The system is: Linux - 5.15.0-119-generic - x86_64
Compiling the CXX compiler identification source file "CMakeCXXCompilerId.cpp" succeeded.
Compiler: /opt/rocm-6.0.2/bin/amdclang++ 
Build flags: 
Id flags:  

The output was:
0


Compilation of the CXX compiler identification source "CMakeCXXCompilerId.cpp" produced "a.out"

The CXX compiler identification is Clang, found in "/home/xa2/Fall2024/miniBUDE/buildKokkosOMP/CMakeFiles/3.22.1/CompilerIdCXX/a.out"

Detecting CXX compiler ABI info compiled with the following output:
Change Dir: /home/xa2/Fall2024/miniBUDE/buildKokkosOMP/CMakeFiles/CMakeTmp

Run Build Command(s):/usr/bin/gmake -f Makefile cmTC_8ff5b/fast && /usr/bin/gmake  -f CMakeFiles/cmTC_8ff5b.dir/build.make CMakeFiles/cmTC_8ff5b.dir/build
gmake[1]: Entering directory '/home/xa2/Fall2024/miniBUDE/buildKokkosOMP/CMakeFiles/CMakeTmp'
Building CXX object CMakeFiles/cmTC_8ff5b.dir/CMakeCXXCompilerABI.cpp.o
/opt/rocm-6.0.2/bin/amdclang++   -v -MD -MT CMakeFiles/cmTC_8ff5b.dir/CMakeCXXCompilerABI.cpp.o -MF CMakeFiles/cmTC_8ff5b.dir/CMakeCXXCompilerABI.cpp.o.d -o CMakeFiles/cmTC_8ff5b.dir/CMakeCXXCompilerABI.cpp.o -c /usr/share/cmake-3.22/Modules/CMakeCXXCompilerABI.cpp
AMD clang version 17.0.0 (https://github.com/RadeonOpenCompute/llvm-project roc-6.0.2 24012 af27734ed982b52a9f1be0f035ac91726fc697e4)
Target: x86_64-unknown-linux-gnu
Thread model: posix
InstalledDir: /opt/rocm-6.0.2/lib/llvm/bin
Configuration file: /opt/rocm-6.0.2/lib/llvm/bin/clang++.cfg
Found candidate GCC installation: /usr/lib/gcc/x86_64-linux-gnu/11
Found candidate GCC installation: /usr/lib/gcc/x86_64-linux-gnu/12
Found candidate GCC installation: /usr/lib/gcc/x86_64-linux-gnu/9
Selected GCC installation: /usr/lib/gcc/x86_64-linux-gnu/12
Candidate multilib: .;@m64
Selected multilib: .;@m64
Found HIP installation: /opt/rocm-6.0.2, version 6.0.32831
 (in-process)
 "/opt/rocm-6.0.2/lib/llvm/bin/clang-17" -cc1 -triple x86_64-unknown-linux-gnu -emit-obj -mrelax-all -disable-free -clear-ast-before-backend -disable-llvm-verifier -discard-value-names -main-file-name CMakeCXXCompilerABI.cpp -mrelocation-model static -mframe-pointer=all -fmath-errno -ffp-contract=on -fno-rounding-math -mconstructor-aliases -funwind-tables=2 -target-cpu x86-64 -tune-cpu generic -debugger-tuning=gdb -v -fcoverage-compilation-dir=/home/xa2/Fall2024/miniBUDE/buildKokkosOMP/CMakeFiles/CMakeTmp -resource-dir /opt/rocm-6.0.2/lib/llvm/lib/clang/17.0.0 -dependency-file CMakeFiles/cmTC_8ff5b.dir/CMakeCXXCompilerABI.cpp.o.d -MT CMakeFiles/cmTC_8ff5b.dir/CMakeCXXCompilerABI.cpp.o -sys-header-deps -internal-isystem /usr/lib/gcc/x86_64-linux-gnu/12/../../../../include/c++/12 -internal-isystem /usr/lib/gcc/x86_64-linux-gnu/12/../../../../include/x86_64-linux-gnu/c++/12 -internal-isystem /usr/lib/gcc/x86_64-linux-gnu/12/../../../../include/c++/12/backward -internal-isystem /opt/rocm-6.0.2/lib/llvm/lib/clang/17.0.0/include -internal-isystem /usr/local/include -internal-isystem /usr/lib/gcc/x86_64-linux-gnu/12/../../../../x86_64-linux-gnu/include -internal-externc-isystem /usr/include/x86_64-linux-gnu -internal-externc-isystem /include -internal-externc-isystem /usr/include -fdeprecated-macro -fdebug-compilation-dir=/home/xa2/Fall2024/miniBUDE/buildKokkosOMP/CMakeFiles/CMakeTmp -ferror-limit 19 -fgnuc-version=4.2.1 -fcxx-exceptions -fexceptions -faddrsig -D__GCC_HAVE_DWARF2_CFI_ASM=1 -o CMakeFiles/cmTC_8ff5b.dir/CMakeCXXCompilerABI.cpp.o -x c++ /usr/share/cmake-3.22/Modules/CMakeCXXCompilerABI.cpp
clang -cc1 version 17.0.0 based upon LLVM 17.0.0git default target x86_64-unknown-linux-gnu
ignoring nonexistent directory "/usr/lib/gcc/x86_64-linux-gnu/12/../../../../x86_64-linux-gnu/include"
ignoring nonexistent directory "/include"
#include "..." search starts here:
#include <...> search starts here:
 /usr/lib/gcc/x86_64-linux-gnu/12/../../../../include/c++/12
 /usr/lib/gcc/x86_64-linux-gnu/12/../../../../include/x86_64-linux-gnu/c++/12
 /usr/lib/gcc/x86_64-linux-gnu/12/../../../../include/c++/12/backward
 /opt/rocm-6.0.2/lib/llvm/lib/clang/17.0.0/include
 /usr/local/include
 /usr/include/x86_64-linux-gnu
 /usr/include
End of search list.
Linking CXX executable cmTC_8ff5b
/usr/bin/cmake -E cmake_link_script CMakeFiles/cmTC_8ff5b.dir/link.txt --verbose=1
/opt/rocm-6.0.2/bin/amdclang++  -v CMakeFiles/cmTC_8ff5b.dir/CMakeCXXCompilerABI.cpp.o -o cmTC_8ff5b 
AMD clang version 17.0.0 (https://github.com/RadeonOpenCompute/llvm-project roc-6.0.2 24012 af27734ed982b52a9f1be0f035ac91726fc697e4)
Target: x86_64-unknown-linux-gnu
Thread model: posix
InstalledDir: /opt/rocm-6.0.2/lib/llvm/bin
Configuration file: /opt/rocm-6.0.2/lib/llvm/bin/clang++.cfg
Found candidate GCC installation: /usr/lib/gcc/x86_64-linux-gnu/11
Found candidate GCC installation: /usr/lib/gcc/x86_64-linux-gnu/12
Found candidate GCC installation: /usr/lib/gcc/x86_64-linux-gnu/9
Selected GCC installation: /usr/lib/gcc/x86_64-linux-gnu/12
Candidate multilib: .;@m64
Selected multilib: .;@m64
Found HIP installation: /opt/rocm-6.0.2, version 6.0.32831
 "/opt/rocm-6.0.2/lib/llvm/bin/ld.lld" -z relro --hash-style=gnu --eh-frame-hdr -m elf_x86_64 -dynamic-linker /lib64/ld-linux-x86-64.so.2 -o cmTC_8ff5b /lib/x86_64-linux-gnu/crt1.o /lib/x86_64-linux-gnu/crti.o /opt/rocm-6.0.2/lib/llvm/lib/clang/17.0.0/lib/linux/clang_rt.crtbegin-x86_64.o -L/usr/lib/gcc/x86_64-linux-gnu/12 -L/usr/lib/gcc/x86_64-linux-gnu/12/../../../../lib64 -L/lib/x86_64-linux-gnu -L/lib/../lib64 -L/usr/lib/x86_64-linux-gnu -L/usr/lib/../lib64 -L/lib -L/usr/lib --enable-new-dtags CMakeFiles/cmTC_8ff5b.dir/CMakeCXXCompilerABI.cpp.o -lstdc++ -lm /opt/rocm-6.0.2/lib/llvm/lib/clang/17.0.0/lib/linux/libclang_rt.builtins-x86_64.a -lgcc_s -lc /opt/rocm-6.0.2/lib/llvm/lib/clang/17.0.0/lib/linux/libclang_rt.builtins-x86_64.a -lgcc_s /opt/rocm-6.0.2/lib/llvm/lib/clang/17.0.0/lib/linux/clang_rt.crtend-x86_64.o /lib/x86_64-linux-gnu/crtn.o
gmake[1]: Leaving directory '/home/xa2/Fall2024/miniBUDE/buildKokkosOMP/CMakeFiles/CMakeTmp'



Parsed CXX implicit include dir info from above output: rv=done
  found start of include info
  found start of implicit include info
    add: [/usr/lib/gcc/x86_64-linux-gnu/12/../../../../include/c++/12]
    add: [/usr/lib/gcc/x86_64-linux-gnu/12/../../../../include/x86_64-linux-gnu/c++/12]
    add: [/usr/lib/gcc/x86_64-linux-gnu/12/../../../../include/c++/12/backward]
    add: [/opt/rocm-6.0.2/lib/llvm/lib/clang/17.0.0/include]
    add: [/usr/local/include]
    add: [/usr/include/x86_64-linux-gnu]
    add: [/usr/include]
  end of search list found
  collapse include dir [/usr/lib/gcc/x86_64-linux-gnu/12/../../../../include/c++/12] ==> [/usr/include/c++/12]
  collapse include dir [/usr/lib/gcc/x86_64-linux-gnu/12/../../../../include/x86_64-linux-gnu/c++/12] ==> [/usr/include/x86_64-linux-gnu/c++/12]
  collapse include dir [/usr/lib/gcc/x86_64-linux-gnu/12/../../../../include/c++/12/backward] ==> [/usr/include/c++/12/backward]
  collapse include dir [/opt/rocm-6.0.2/lib/llvm/lib/clang/17.0.0/include] ==> [/opt/rocm-6.0.2/lib/llvm/lib/clang/17.0.0/include]
  collapse include dir [/usr/local/include] ==> [/usr/local/include]
  collapse include dir [/usr/include/x86_64-linux-gnu] ==> [/usr/include/x86_64-linux-gnu]
  collapse include dir [/usr/include] ==> [/usr/include]
  implicit include dirs: [/usr/include/c++/12;/usr/include/x86_64-linux-gnu/c++/12;/usr/include/c++/12/backward;/opt/rocm-6.0.2/lib/llvm/lib/clang/17.0.0/include;/usr/local/include;/usr/include/x86_64-linux-gnu;/usr/include]


Parsed CXX implicit link information from above output:
  link line regex: [^( *|.*[/\])(ld\.lld|CMAKE_LINK_STARTFILE-NOTFOUND|([^/\]+-)?ld|collect2)[^/\]*( |$)]
  ignore line: [Change Dir: /home/xa2/Fall2024/miniBUDE/buildKokkosOMP/CMakeFiles/CMakeTmp]
  ignore line: []
  ignore line: [Run Build Command(s):/usr/bin/gmake -f Makefile cmTC_8ff5b/fast && /usr/bin/gmake  -f CMakeFiles/cmTC_8ff5b.dir/build.make CMakeFiles/cmTC_8ff5b.dir/build]
  ignore line: [gmake[1]: Entering directory '/home/xa2/Fall2024/miniBUDE/buildKokkosOMP/CMakeFiles/CMakeTmp']
  ignore line: [Building CXX object CMakeFiles/cmTC_8ff5b.dir/CMakeCXXCompilerABI.cpp.o]
  ignore line: [/opt/rocm-6.0.2/bin/amdclang++   -v -MD -MT CMakeFiles/cmTC_8ff5b.dir/CMakeCXXCompilerABI.cpp.o -MF CMakeFiles/cmTC_8ff5b.dir/CMakeCXXCompilerABI.cpp.o.d -o CMakeFiles/cmTC_8ff5b.dir/CMakeCXXCompilerABI.cpp.o -c /usr/share/cmake-3.22/Modules/CMakeCXXCompilerABI.cpp]
  ignore line: [AMD clang version 17.0.0 (https://github.com/RadeonOpenCompute/llvm-project roc-6.0.2 24012 af27734ed982b52a9f1be0f035ac91726fc697e4)]
  ignore line: [Target: x86_64-unknown-linux-gnu]
  ignore line: [Thread model: posix]
  ignore line: [InstalledDir: /opt/rocm-6.0.2/lib/llvm/bin]
  ignore line: [Configuration file: /opt/rocm-6.0.2/lib/llvm/bin/clang++.cfg]
  ignore line: [Found candidate GCC installation: /usr/lib/gcc/x86_64-linux-gnu/11]
  ignore line: [Found candidate GCC installation: /usr/lib/gcc/x86_64-linux-gnu/12]
  ignore line: [Found candidate GCC installation: /usr/lib/gcc/x86_64-linux-gnu/9]
  ignore line: [Selected GCC installation: /usr/lib/gcc/x86_64-linux-gnu/12]
  ignore line: [Candidate multilib: .]
  ignore line: [@m64]
  ignore line: [Selected multilib: .]
  ignore line: [@m64]
  ignore line: [Found HIP installation: /opt/rocm-6.0.2  version 6.0.32831]
  ignore line: [ (in-process)]
  ignore line: [ "/opt/rocm-6.0.2/lib/llvm/bin/clang-17" -cc1 -triple x86_64-unknown-linux-gnu -emit-obj -mrelax-all -disable-free -clear-ast-before-backend -disable-llvm-verifier -discard-value-names -main-file-name CMakeCXXCompilerABI.cpp -mrelocation-model static -mframe-pointer=all -fmath-errno -ffp-contract=on -fno-rounding-math -mconstructor-aliases -funwind-tables=2 -target-cpu x86-64 -tune-cpu generic -debugger-tuning=gdb -v -fcoverage-compilation-dir=/home/xa2/Fall2024/miniBUDE/buildKokkosOMP/CMakeFiles/CMakeTmp -resource-dir /opt/rocm-6.0.2/lib/llvm/lib/clang/17.0.0 -dependency-file CMakeFiles/cmTC_8ff5b.dir/CMakeCXXCompilerABI.cpp.o.d -MT CMakeFiles/cmTC_8ff5b.dir/CMakeCXXCompilerABI.cpp.o -sys-header-deps -internal-isystem /usr/lib/gcc/x86_64-linux-gnu/12/../../../../include/c++/12 -internal-isystem /usr/lib/gcc/x86_64-linux-gnu/12/../../../../include/x86_64-linux-gnu/c++/12 -internal-isystem /usr/lib/gcc/x86_64-linux-gnu/12/../../../../include/c++/12/backward -internal-isystem /opt/rocm-6.0.2/lib/llvm/lib/clang/17.0.0/include -internal-isystem /usr/local/include -internal-isystem /usr/lib/gcc/x86_64-linux-gnu/12/../../../../x86_64-linux-gnu/include -internal-externc-isystem /usr/include/x86_64-linux-gnu -internal-externc-isystem /include -internal-externc-isystem /usr/include -fdeprecated-macro -fdebug-compilation-dir=/home/xa2/Fall2024/miniBUDE/buildKokkosOMP/CMakeFiles/CMakeTmp -ferror-limit 19 -fgnuc-version=4.2.1 -fcxx-exceptions -fexceptions -faddrsig -D__GCC_HAVE_DWARF2_CFI_ASM=1 -o CMakeFiles/cmTC_8ff5b.dir/CMakeCXXCompilerABI.cpp.o -x c++ /usr/share/cmake-3.22/Modules/CMakeCXXCompilerABI.cpp]
  ignore line: [clang -cc1 version 17.0.0 based upon LLVM 17.0.0git default target x86_64-unknown-linux-gnu]
  ignore line: [ignoring nonexistent directory "/usr/lib/gcc/x86_64-linux-gnu/12/../../../../x86_64-linux-gnu/include"]
  ignore line: [ignoring nonexistent directory "/include"]
  ignore line: [#include "..." search starts here:]
  ignore line: [#include <...> search starts here:]
  ignore line: [ /usr/lib/gcc/x86_64-linux-gnu/12/../../../../include/c++/12]
  ignore line: [ /usr/lib/gcc/x86_64-linux-gnu/12/../../../../include/x86_64-linux-gnu/c++/12]
  ignore line: [ /usr/lib/gcc/x86_64-linux-gnu/12/../../../../include/c++/12/backward]
  ignore line: [ /opt/rocm-6.0.2/lib/llvm/lib/clang/17.0.0/include]
  ignore line: [ /usr/local/include]
  ignore line: [ /usr/include/x86_64-linux-gnu]
  ignore line: [ /usr/include]
  ignore line: [End of search list.]
  ignore line: [Linking CXX executable cmTC_8ff5b]
  ignore line: [/usr/bin/cmake -E cmake_link_script CMakeFiles/cmTC_8ff5b.dir/link.txt --verbose=1]
  ignore line: [/opt/rocm-6.0.2/bin/amdclang++  -v CMakeFiles/cmTC_8ff5b.dir/CMakeCXXCompilerABI.cpp.o -o cmTC_8ff5b ]
  ignore line: [AMD clang version 17.0.0 (https://github.com/RadeonOpenCompute/llvm-project roc-6.0.2 24012 af27734ed982b52a9f1be0f035ac91726fc697e4)]
  ignore line: [Target: x86_64-unknown-linux-gnu]
  ignore line: [Thread model: posix]
  ignore line: [InstalledDir: /opt/rocm-6.0.2/lib/llvm/bin]
  ignore line: [Configuration file: /opt/rocm-6.0.2/lib/llvm/bin/clang++.cfg]
  ignore line: [Found candidate GCC installation: /usr/lib/gcc/x86_64-linux-gnu/11]
  ignore line: [Found candidate GCC installation: /usr/lib/gcc/x86_64-linux-gnu/12]
  ignore line: [Found candidate GCC installation: /usr/lib/gcc/x86_64-linux-gnu/9]
  ignore line: [Selected GCC installation: /usr/lib/gcc/x86_64-linux-gnu/12]
  ignore line: [Candidate multilib: .]
  ignore line: [@m64]
  ignore line: [Selected multilib: .]
  ignore line: [@m64]
  ignore line: [Found HIP installation: /opt/rocm-6.0.2  version 6.0.32831]
  link line: [ "/opt/rocm-6.0.2/lib/llvm/bin/ld.lld" -z relro --hash-style=gnu --eh-frame-hdr -m elf_x86_64 -dynamic-linker /lib64/ld-linux-x86-64.so.2 -o cmTC_8ff5b /lib/x86_64-linux-gnu/crt1.o /lib/x86_64-linux-gnu/crti.o /opt/rocm-6.0.2/lib/llvm/lib/clang/17.0.0/lib/linux/clang_rt.crtbegin-x86_64.o -L/usr/lib/gcc/x86_64-linux-gnu/12 -L/usr/lib/gcc/x86_64-linux-gnu/12/../../../../lib64 -L/lib/x86_64-linux-gnu -L/lib/../lib64 -L/usr/lib/x86_64-linux-gnu -L/usr/lib/../lib64 -L/lib -L/usr/lib --enable-new-dtags CMakeFiles/cmTC_8ff5b.dir/CMakeCXXCompilerABI.cpp.o -lstdc++ -lm /opt/rocm-6.0.2/lib/llvm/lib/clang/17.0.0/lib/linux/libclang_rt.builtins-x86_64.a -lgcc_s -lc /opt/rocm-6.0.2/lib/llvm/lib/clang/17.0.0/lib/linux/libclang_rt.builtins-x86_64.a -lgcc_s /opt/rocm-6.0.2/lib/llvm/lib/clang/17.0.0/lib/linux/clang_rt.crtend-x86_64.o /lib/x86_64-linux-gnu/crtn.o]
    arg [/opt/rocm-6.0.2/lib/llvm/bin/ld.lld] ==> ignore
    arg [-zrelro] ==> ignore
    arg [--hash-style=gnu] ==> ignore
    arg [--eh-frame-hdr] ==> ignore
    arg [-m] ==> ignore
    arg [elf_x86_64] ==> ignore
    arg [-dynamic-linker] ==> ignore
    arg [/lib64/ld-linux-x86-64.so.2] ==> ignore
    arg [-o] ==> ignore
    arg [cmTC_8ff5b] ==> ignore
    arg [/lib/x86_64-linux-gnu/crt1.o] ==> obj [/lib/x86_64-linux-gnu/crt1.o]
    arg [/lib/x86_64-linux-gnu/crti.o] ==> obj [/lib/x86_64-linux-gnu/crti.o]
    arg [/opt/rocm-6.0.2/lib/llvm/lib/clang/17.0.0/lib/linux/clang_rt.crtbegin-x86_64.o] ==> obj [/opt/rocm-6.0.2/lib/llvm/lib/clang/17.0.0/lib/linux/clang_rt.crtbegin-x86_64.o]
    arg [-L/usr/lib/gcc/x86_64-linux-gnu/12] ==> dir [/usr/lib/gcc/x86_64-linux-gnu/12]
    arg [-L/usr/lib/gcc/x86_64-linux-gnu/12/../../../../lib64] ==> dir [/usr/lib/gcc/x86_64-linux-gnu/12/../../../../lib64]
    arg [-L/lib/x86_64-linux-gnu] ==> dir [/lib/x86_64-linux-gnu]
    arg [-L/lib/../lib64] ==> dir [/lib/../lib64]
    arg [-L/usr/lib/x86_64-linux-gnu] ==> dir [/usr/lib/x86_64-linux-gnu]
    arg [-L/usr/lib/../lib64] ==> dir [/usr/lib/../lib64]
    arg [-L/lib] ==> dir [/lib]
    arg [-L/usr/lib] ==> dir [/usr/lib]
    arg [--enable-new-dtags] ==> ignore
    arg [CMakeFiles/cmTC_8ff5b.dir/CMakeCXXCompilerABI.cpp.o] ==> ignore
    arg [-lstdc++] ==> lib [stdc++]
    arg [-lm] ==> lib [m]
    arg [/opt/rocm-6.0.2/lib/llvm/lib/clang/17.0.0/lib/linux/libclang_rt.builtins-x86_64.a] ==> lib [/opt/rocm-6.0.2/lib/llvm/lib/clang/17.0.0/lib/linux/libclang_rt.builtins-x86_64.a]
    arg [-lgcc_s] ==> lib [gcc_s]
    arg [-lc] ==> lib [c]
    arg [/opt/rocm-6.0.2/lib/llvm/lib/clang/17.0.0/lib/linux/libclang_rt.builtins-x86_64.a] ==> lib [/opt/rocm-6.0.2/lib/llvm/lib/clang/17.0.0/lib/linux/libclang_rt.builtins-x86_64.a]
    arg [-lgcc_s] ==> lib [gcc_s]
    arg [/opt/rocm-6.0.2/lib/llvm/lib/clang/17.0.0/lib/linux/clang_rt.crtend-x86_64.o] ==> obj [/opt/rocm-6.0.2/lib/llvm/lib/clang/17.0.0/lib/linux/clang_rt.crtend-x86_64.o]
    arg [/lib/x86_64-linux-gnu/crtn.o] ==> obj [/lib/x86_64-linux-gnu/crtn.o]
  remove lib [/opt/rocm-6.0.2/lib/llvm/lib/clang/17.0.0/lib/linux/libclang_rt.builtins-x86_64.a]
  remove lib [/opt/rocm-6.0.2/lib/llvm/lib/clang/17.0.0/lib/linux/libclang_rt.builtins-x86_64.a]
  collapse library dir [/usr/lib/gcc/x86_64-linux-gnu/12] ==> [/usr/lib/gcc/x86_64-linux-gnu/12]
  collapse library dir [/usr/lib/gcc/x86_64-linux-gnu/12/../../../../lib64] ==> [/usr/lib64]
  collapse library dir [/lib/x86_64-linux-gnu] ==> [/lib/x86_64-linux-gnu]
  collapse library dir [/lib/../lib64] ==> [/lib64]
  collapse library dir [/usr/lib/x86_64-linux-gnu] ==> [/usr/lib/x86_64-linux-gnu]
  collapse library dir [/usr/lib/../lib64] ==> [/usr/lib64]
  collapse library dir [/lib] ==> [/lib]
  collapse library dir [/usr/lib] ==> [/usr/lib]
  implicit libs: [stdc++;m;gcc_s;c;gcc_s]
  implicit objs: [/lib/x86_64-linux-gnu/crt1.o;/lib/x86_64-linux-gnu/crti.o;/opt/rocm-6.0.2/lib/llvm/lib/clang/17.0.0/lib/linux/clang_rt.crtbegin-x86_64.o;/opt/rocm-6.0.2/lib/llvm/lib/clang/17.0.0/lib/linux/clang_rt.crtend-x86_64.o;/lib/x86_64-linux-gnu/crtn.o]
  implicit dirs: [/usr/lib/gcc/x86_64-linux-gnu/12;/usr/lib64;/lib/x86_64-linux-gnu;/lib64;/usr/lib/x86_64-linux-gnu;/lib;/usr/lib]
  implicit fwks: []


Detecting CXX OpenMP compiler ABI info compiled with the following output:
Change Dir: /home/xa2/Fall2024/miniBUDE/buildKokkosOMP/CMakeFiles/CMakeTmp

Run Build Command(s):/usr/bin/gmake -f Makefile cmTC_e490e/fast && /usr/bin/gmake  -f CMakeFiles/cmTC_e490e.dir/build.make CMakeFiles/cmTC_e490e.dir/build
gmake[1]: Entering directory '/home/xa2/Fall2024/miniBUDE/buildKokkosOMP/CMakeFiles/CMakeTmp'
Building CXX object CMakeFiles/cmTC_e490e.dir/OpenMPTryFlag.cpp.o
/opt/rocm-6.0.2/bin/amdclang++   -fopenmp=libomp -v -std=c++17 -MD -MT CMakeFiles/cmTC_e490e.dir/OpenMPTryFlag.cpp.o -MF CMakeFiles/cmTC_e490e.dir/OpenMPTryFlag.cpp.o.d -o CMakeFiles/cmTC_e490e.dir/OpenMPTryFlag.cpp.o -c /home/xa2/Fall2024/miniBUDE/buildKokkosOMP/CMakeFiles/FindOpenMP/OpenMPTryFlag.cpp
AMD clang version 17.0.0 (https://github.com/RadeonOpenCompute/llvm-project roc-6.0.2 24012 af27734ed982b52a9f1be0f035ac91726fc697e4)
Target: x86_64-unknown-linux-gnu
Thread model: posix
InstalledDir: /opt/rocm-6.0.2/lib/llvm/bin
Configuration file: /opt/rocm-6.0.2/lib/llvm/bin/clang++.cfg
Found candidate GCC installation: /usr/lib/gcc/x86_64-linux-gnu/11
Found candidate GCC installation: /usr/lib/gcc/x86_64-linux-gnu/12
Found candidate GCC installation: /usr/lib/gcc/x86_64-linux-gnu/9
Selected GCC installation: /usr/lib/gcc/x86_64-linux-gnu/12
Candidate multilib: .;@m64
Selected multilib: .;@m64
Found HIP installation: /opt/rocm-6.0.2, version 6.0.32831
 (in-process)
 "/opt/rocm-6.0.2/lib/llvm/bin/clang-17" -cc1 -triple x86_64-unknown-linux-gnu -emit-obj -mrelax-all -disable-free -clear-ast-before-backend -disable-llvm-verifier -discard-value-names -main-file-name OpenMPTryFlag.cpp -mrelocation-model static -mframe-pointer=all -fmath-errno -ffp-contract=on -fno-rounding-math -mconstructor-aliases -funwind-tables=2 -target-cpu x86-64 -tune-cpu generic -debugger-tuning=gdb -v -fcoverage-compilation-dir=/home/xa2/Fall2024/miniBUDE/buildKokkosOMP/CMakeFiles/CMakeTmp -resource-dir /opt/rocm-6.0.2/lib/llvm/lib/clang/17.0.0 -dependency-file CMakeFiles/cmTC_e490e.dir/OpenMPTryFlag.cpp.o.d -MT CMakeFiles/cmTC_e490e.dir/OpenMPTryFlag.cpp.o -sys-header-deps -I /opt/rocm-6.0.2/lib/llvm/bin/../include -internal-isystem /usr/lib/gcc/x86_64-linux-gnu/12/../../../../include/c++/12 -internal-isystem /usr/lib/gcc/x86_64-linux-gnu/12/../../../../include/x86_64-linux-gnu/c++/12 -internal-isystem /usr/lib/gcc/x86_64-linux-gnu/12/../../../../include/c++/12/backward -internal-isystem /opt/rocm-6.0.2/lib/llvm/lib/clang/17.0.0/include -internal-isystem /usr/local/include -internal-isystem /usr/lib/gcc/x86_64-linux-gnu/12/../../../../x86_64-linux-gnu/include -internal-externc-isystem /usr/include/x86_64-linux-gnu -internal-externc-isystem /include -internal-externc-isystem /usr/include -std=c++17 -fdeprecated-macro -fdebug-compilation-dir=/home/xa2/Fall2024/miniBUDE/buildKokkosOMP/CMakeFiles/CMakeTmp -ferror-limit 19 -fopenmp -fno-openmp-target-fast -fno-openmp-target-ignore-env-vars -fno-openmp-target-big-jump-loop -fopenmp-target-new-runtime -fno-openmp-assume-no-thread-state -fno-openmp-assume-no-nested-parallelism -fgnuc-version=4.2.1 -fcxx-exceptions -fexceptions -faddrsig -D__GCC_HAVE_DWARF2_CFI_ASM=1 -o CMakeFiles/cmTC_e490e.dir/OpenMPTryFlag.cpp.o -x c++ /home/xa2/Fall2024/miniBUDE/buildKokkosOMP/CMakeFiles/FindOpenMP/OpenMPTryFlag.cpp
clang -cc1 version 17.0.0 based upon LLVM 17.0.0git default target x86_64-unknown-linux-gnu
ignoring nonexistent directory "/usr/lib/gcc/x86_64-linux-gnu/12/../../../../x86_64-linux-gnu/include"
ignoring nonexistent directory "/include"
#include "..." search starts here:
#include <...> search starts here:
 /opt/rocm-6.0.2/lib/llvm/bin/../include
 /usr/lib/gcc/x86_64-linux-gnu/12/../../../../include/c++/12
 /usr/lib/gcc/x86_64-linux-gnu/12/../../../../include/x86_64-linux-gnu/c++/12
 /usr/lib/gcc/x86_64-linux-gnu/12/../../../../include/c++/12/backward
 /opt/rocm-6.0.2/lib/llvm/lib/clang/17.0.0/include
 /usr/local/include
 /usr/include/x86_64-linux-gnu
 /usr/include
End of search list.
Linking CXX executable cmTC_e490e
/usr/bin/cmake -E cmake_link_script CMakeFiles/cmTC_e490e.dir/link.txt --verbose=1
/opt/rocm-6.0.2/bin/amdclang++  -fopenmp=libomp -v CMakeFiles/cmTC_e490e.dir/OpenMPTryFlag.cpp.o -o cmTC_e490e  -v 
AMD clang version 17.0.0 (https://github.com/RadeonOpenCompute/llvm-project roc-6.0.2 24012 af27734ed982b52a9f1be0f035ac91726fc697e4)
Target: x86_64-unknown-linux-gnu
Thread model: posix
InstalledDir: /opt/rocm-6.0.2/lib/llvm/bin
Configuration file: /opt/rocm-6.0.2/lib/llvm/bin/clang++.cfg
Found candidate GCC installation: /usr/lib/gcc/x86_64-linux-gnu/11
Found candidate GCC installation: /usr/lib/gcc/x86_64-linux-gnu/12
Found candidate GCC installation: /usr/lib/gcc/x86_64-linux-gnu/9
Selected GCC installation: /usr/lib/gcc/x86_64-linux-gnu/12
Candidate multilib: .;@m64
Selected multilib: .;@m64
Found HIP installation: /opt/rocm-6.0.2, version 6.0.32831
 "/opt/rocm-6.0.2/lib/llvm/bin/ld.lld" -z relro --hash-style=gnu --eh-frame-hdr -m elf_x86_64 -dynamic-linker /lib64/ld-linux-x86-64.so.2 -o cmTC_e490e /lib/x86_64-linux-gnu/crt1.o /lib/x86_64-linux-gnu/crti.o /opt/rocm-6.0.2/lib/llvm/lib/clang/17.0.0/lib/linux/clang_rt.crtbegin-x86_64.o -L/usr/lib/gcc/x86_64-linux-gnu/12 -L/usr/lib/gcc/x86_64-linux-gnu/12/../../../../lib64 -L/lib/x86_64-linux-gnu -L/lib/../lib64 -L/usr/lib/x86_64-linux-gnu -L/usr/lib/../lib64 -L/lib -L/usr/lib --enable-new-dtags CMakeFiles/cmTC_e490e.dir/OpenMPTryFlag.cpp.o -lstdc++ -lm -lomp -rpath /opt/rocm-6.0.2/lib/llvm/bin/../lib -L/opt/rocm-6.0.2/lib/llvm/lib /opt/rocm-6.0.2/lib/llvm/lib/clang/17.0.0/lib/linux/libclang_rt.builtins-x86_64.a -lgcc_s -lpthread -lc /opt/rocm-6.0.2/lib/llvm/lib/clang/17.0.0/lib/linux/libclang_rt.builtins-x86_64.a -lgcc_s /opt/rocm-6.0.2/lib/llvm/lib/clang/17.0.0/lib/linux/clang_rt.crtend-x86_64.o /lib/x86_64-linux-gnu/crtn.o
gmake[1]: Leaving directory '/home/xa2/Fall2024/miniBUDE/buildKokkosOMP/CMakeFiles/CMakeTmp'



Parsed CXX OpenMP implicit link information from above output:
  link line regex: [^( *|.*[/\])(ld\.lld|CMAKE_LINK_STARTFILE-NOTFOUND|([^/\]+-)?ld|collect2)[^/\]*( |$)]
  ignore line: [Change Dir: /home/xa2/Fall2024/miniBUDE/buildKokkosOMP/CMakeFiles/CMakeTmp]
  ignore line: []
  ignore line: [Run Build Command(s):/usr/bin/gmake -f Makefile cmTC_e490e/fast && /usr/bin/gmake  -f CMakeFiles/cmTC_e490e.dir/build.make CMakeFiles/cmTC_e490e.dir/build]
  ignore line: [gmake[1]: Entering directory '/home/xa2/Fall2024/miniBUDE/buildKokkosOMP/CMakeFiles/CMakeTmp']
  ignore line: [Building CXX object CMakeFiles/cmTC_e490e.dir/OpenMPTryFlag.cpp.o]
  ignore line: [/opt/rocm-6.0.2/bin/amdclang++   -fopenmp=libomp -v -std=c++17 -MD -MT CMakeFiles/cmTC_e490e.dir/OpenMPTryFlag.cpp.o -MF CMakeFiles/cmTC_e490e.dir/OpenMPTryFlag.cpp.o.d -o CMakeFiles/cmTC_e490e.dir/OpenMPTryFlag.cpp.o -c /home/xa2/Fall2024/miniBUDE/buildKokkosOMP/CMakeFiles/FindOpenMP/OpenMPTryFlag.cpp]
  ignore line: [AMD clang version 17.0.0 (https://github.com/RadeonOpenCompute/llvm-project roc-6.0.2 24012 af27734ed982b52a9f1be0f035ac91726fc697e4)]
  ignore line: [Target: x86_64-unknown-linux-gnu]
  ignore line: [Thread model: posix]
  ignore line: [InstalledDir: /opt/rocm-6.0.2/lib/llvm/bin]
  ignore line: [Configuration file: /opt/rocm-6.0.2/lib/llvm/bin/clang++.cfg]
  ignore line: [Found candidate GCC installation: /usr/lib/gcc/x86_64-linux-gnu/11]
  ignore line: [Found candidate GCC installation: /usr/lib/gcc/x86_64-linux-gnu/12]
  ignore line: [Found candidate GCC installation: /usr/lib/gcc/x86_64-linux-gnu/9]
  ignore line: [Selected GCC installation: /usr/lib/gcc/x86_64-linux-gnu/12]
  ignore line: [Candidate multilib: .]
  ignore line: [@m64]
  ignore line: [Selected multilib: .]
  ignore line: [@m64]
  ignore line: [Found HIP installation: /opt/rocm-6.0.2  version 6.0.32831]
  ignore line: [ (in-process)]
  ignore line: [ "/opt/rocm-6.0.2/lib/llvm/bin/clang-17" -cc1 -triple x86_64-unknown-linux-gnu -emit-obj -mrelax-all -disable-free -clear-ast-before-backend -disable-llvm-verifier -discard-value-names -main-file-name OpenMPTryFlag.cpp -mrelocation-model static -mframe-pointer=all -fmath-errno -ffp-contract=on -fno-rounding-math -mconstructor-aliases -funwind-tables=2 -target-cpu x86-64 -tune-cpu generic -debugger-tuning=gdb -v -fcoverage-compilation-dir=/home/xa2/Fall2024/miniBUDE/buildKokkosOMP/CMakeFiles/CMakeTmp -resource-dir /opt/rocm-6.0.2/lib/llvm/lib/clang/17.0.0 -dependency-file CMakeFiles/cmTC_e490e.dir/OpenMPTryFlag.cpp.o.d -MT CMakeFiles/cmTC_e490e.dir/OpenMPTryFlag.cpp.o -sys-header-deps -I /opt/rocm-6.0.2/lib/llvm/bin/../include -internal-isystem /usr/lib/gcc/x86_64-linux-gnu/12/../../../../include/c++/12 -internal-isystem /usr/lib/gcc/x86_64-linux-gnu/12/../../../../include/x86_64-linux-gnu/c++/12 -internal-isystem /usr/lib/gcc/x86_64-linux-gnu/12/../../../../include/c++/12/backward -internal-isystem /opt/rocm-6.0.2/lib/llvm/lib/clang/17.0.0/include -internal-isystem /usr/local/include -internal-isystem /usr/lib/gcc/x86_64-linux-gnu/12/../../../../x86_64-linux-gnu/include -internal-externc-isystem /usr/include/x86_64-linux-gnu -internal-externc-isystem /include -internal-externc-isystem /usr/include -std=c++17 -fdeprecated-macro -fdebug-compilation-dir=/home/xa2/Fall2024/miniBUDE/buildKokkosOMP/CMakeFiles/CMakeTmp -ferror-limit 19 -fopenmp -fno-openmp-target-fast -fno-openmp-target-ignore-env-vars -fno-openmp-target-big-jump-loop -fopenmp-target-new-runtime -fno-openmp-assume-no-thread-state -fno-openmp-assume-no-nested-parallelism -fgnuc-version=4.2.1 -fcxx-exceptions -fexceptions -faddrsig -D__GCC_HAVE_DWARF2_CFI_ASM=1 -o CMakeFiles/cmTC_e490e.dir/OpenMPTryFlag.cpp.o -x c++ /home/xa2/Fall2024/miniBUDE/buildKokkosOMP/CMakeFiles/FindOpenMP/OpenMPTryFlag.cpp]
  ignore line: [clang -cc1 version 17.0.0 based upon LLVM 17.0.0git default target x86_64-unknown-linux-gnu]
  ignore line: [ignoring nonexistent directory "/usr/lib/gcc/x86_64-linux-gnu/12/../../../../x86_64-linux-gnu/include"]
  ignore line: [ignoring nonexistent directory "/include"]
  ignore line: [#include "..." search starts here:]
  ignore line: [#include <...> search starts here:]
  ignore line: [ /opt/rocm-6.0.2/lib/llvm/bin/../include]
  ignore line: [ /usr/lib/gcc/x86_64-linux-gnu/12/../../../../include/c++/12]
  ignore line: [ /usr/lib/gcc/x86_64-linux-gnu/12/../../../../include/x86_64-linux-gnu/c++/12]
  ignore line: [ /usr/lib/gcc/x86_64-linux-gnu/12/../../../../include/c++/12/backward]
  ignore line: [ /opt/rocm-6.0.2/lib/llvm/lib/clang/17.0.0/include]
  ignore line: [ /usr/local/include]
  ignore line: [ /usr/include/x86_64-linux-gnu]
  ignore line: [ /usr/include]
  ignore line: [End of search list.]
  ignore line: [Linking CXX executable cmTC_e490e]
  ignore line: [/usr/bin/cmake -E cmake_link_script CMakeFiles/cmTC_e490e.dir/link.txt --verbose=1]
  ignore line: [/opt/rocm-6.0.2/bin/amdclang++  -fopenmp=libomp -v CMakeFiles/cmTC_e490e.dir/OpenMPTryFlag.cpp.o -o cmTC_e490e  -v ]
  ignore line: [AMD clang version 17.0.0 (https://github.com/RadeonOpenCompute/llvm-project roc-6.0.2 24012 af27734ed982b52a9f1be0f035ac91726fc697e4)]
  ignore line: [Target: x86_64-unknown-linux-gnu]
  ignore line: [Thread model: posix]
  ignore line: [InstalledDir: /opt/rocm-6.0.2/lib/llvm/bin]
  ignore line: [Configuration file: /opt/rocm-6.0.2/lib/llvm/bin/clang++.cfg]
  ignore line: [Found candidate GCC installation: /usr/lib/gcc/x86_64-linux-gnu/11]
  ignore line: [Found candidate GCC installation: /usr/lib/gcc/x86_64-linux-gnu/12]
  ignore line: [Found candidate GCC installation: /usr/lib/gcc/x86_64-linux-gnu/9]
  ignore line: [Selected GCC installation: /usr/lib/gcc/x86_64-linux-gnu/12]
  ignore line: [Candidate multilib: .]
  ignore line: [@m64]
  ignore line: [Selected multilib: .]
  ignore line: [@m64]
  ignore line: [Found HIP installation: /opt/rocm-6.0.2  version 6.0.32831]
  link line: [ "/opt/rocm-6.0.2/lib/llvm/bin/ld.lld" -z relro --hash-style=gnu --eh-frame-hdr -m elf_x86_64 -dynamic-linker /lib64/ld-linux-x86-64.so.2 -o cmTC_e490e /lib/x86_64-linux-gnu/crt1.o /lib/x86_64-linux-gnu/crti.o /opt/rocm-6.0.2/lib/llvm/lib/clang/17.0.0/lib/linux/clang_rt.crtbegin-x86_64.o -L/usr/lib/gcc/x86_64-linux-gnu/12 -L/usr/lib/gcc/x86_64-linux-gnu/12/../../../../lib64 -L/lib/x86_64-linux-gnu -L/lib/../lib64 -L/usr/lib/x86_64-linux-gnu -L/usr/lib/../lib64 -L/lib -L/usr/lib --enable-new-dtags CMakeFiles/cmTC_e490e.dir/OpenMPTryFlag.cpp.o -lstdc++ -lm -lomp -rpath /opt/rocm-6.0.2/lib/llvm/bin/../lib -L/opt/rocm-6.0.2/lib/llvm/lib /opt/rocm-6.0.2/lib/llvm/lib/clang/17.0.0/lib/linux/libclang_rt.builtins-x86_64.a -lgcc_s -lpthread -lc /opt/rocm-6.0.2/lib/llvm/lib/clang/17.0.0/lib/linux/libclang_rt.builtins-x86_64.a -lgcc_s /opt/rocm-6.0.2/lib/llvm/lib/clang/17.0.0/lib/linux/clang_rt.crtend-x86_64.o /lib/x86_64-linux-gnu/crtn.o]
    arg [/opt/rocm-6.0.2/lib/llvm/bin/ld.lld] ==> ignore
    arg [-zrelro] ==> ignore
    arg [--hash-style=gnu] ==> ignore
    arg [--eh-frame-hdr] ==> ignore
    arg [-m] ==> ignore
    arg [elf_x86_64] ==> ignore
    arg [-dynamic-linker] ==> ignore
    arg [/lib64/ld-linux-x86-64.so.2] ==> ignore
    arg [-o] ==> ignore
    arg [cmTC_e490e] ==> ignore
    arg [-L/usr/lib/gcc/x86_64-linux-gnu/12] ==> dir [/usr/lib/gcc/x86_64-linux-gnu/12]
    arg [-L/usr/lib/gcc/x86_64-linux-gnu/12/../../../../lib64] ==> dir [/usr/lib/gcc/x86_64-linux-gnu/12/../../../../lib64]
    arg [-L/lib/x86_64-linux-gnu] ==> dir [/lib/x86_64-linux-gnu]
    arg [-L/lib/../lib64] ==> dir [/lib/../lib64]
    arg [-L/usr/lib/x86_64-linux-gnu] ==> dir [/usr/lib/x86_64-linux-gnu]
    arg [-L/usr/lib/../lib64] ==> dir [/usr/lib/../lib64]
    arg [-L/lib] ==> dir [/lib]
    arg [-L/usr/lib] ==> dir [/usr/lib]
    arg [--enable-new-dtags] ==> ignore
    arg [CMakeFiles/cmTC_e490e.dir/OpenMPTryFlag.cpp.o] ==> ignore
    arg [-lstdc++] ==> lib [stdc++]
    arg [-lm] ==> lib [m]
    arg [-lomp] ==> lib [omp]
    arg [-rpath] ==> ignore
    arg [/opt/rocm-6.0.2/lib/llvm/bin/../lib] ==> ignore
    arg [-L/opt/rocm-6.0.2/lib/llvm/lib] ==> dir [/opt/rocm-6.0.2/lib/llvm/lib]
    arg [/opt/rocm-6.0.2/lib/llvm/lib/clang/17.0.0/lib/linux/libclang_rt.builtins-x86_64.a] ==> lib [/opt/rocm-6.0.2/lib/llvm/lib/clang/17.0.0/lib/linux/libclang_rt.builtins-x86_64.a]
    arg [-lgcc_s] ==> lib [gcc_s]
    arg [-lpthread] ==> lib [pthread]
    arg [-lc] ==> lib [c]
    arg [/opt/rocm-6.0.2/lib/llvm/lib/clang/17.0.0/lib/linux/libclang_rt.builtins-x86_64.a] ==> lib [/opt/rocm-6.0.2/lib/llvm/lib/clang/17.0.0/lib/linux/libclang_rt.builtins-x86_64.a]
    arg [-lgcc_s] ==> lib [gcc_s]
  remove lib [/opt/rocm-6.0.2/lib/llvm/lib/clang/17.0.0/lib/linux/libclang_rt.builtins-x86_64.a]
  remove lib [/opt/rocm-6.0.2/lib/llvm/lib/clang/17.0.0/lib/linux/libclang_rt.builtins-x86_64.a]
  collapse library dir [/usr/lib/gcc/x86_64-linux-gnu/12] ==> [/usr/lib/gcc/x86_64-linux-gnu/12]
  collapse library dir [/usr/lib/gcc/x86_64-linux-gnu/12/../../../../lib64] ==> [/usr/lib64]
  collapse library dir [/lib/x86_64-linux-gnu] ==> [/lib/x86_64-linux-gnu]
  collapse library dir [/lib/../lib64] ==> [/lib64]
  collapse library dir [/usr/lib/x86_64-linux-gnu] ==> [/usr/lib/x86_64-linux-gnu]
  collapse library dir [/usr/lib/../lib64] ==> [/usr/lib64]
  collapse library dir [/lib] ==> [/lib]
  collapse library dir [/usr/lib] ==> [/usr/lib]
  collapse library dir [/opt/rocm-6.0.2/lib/llvm/lib] ==> [/opt/rocm-6.0.2/lib/llvm/lib]
  implicit libs: [stdc++;m;omp;gcc_s;pthread;c;gcc_s]
  implicit objs: []
  implicit dirs: [/usr/lib/gcc/x86_64-linux-gnu/12;/usr/lib64;/lib/x86_64-linux-gnu;/lib64;/usr/lib/x86_64-linux-gnu;/lib;/usr/lib;/opt/rocm-6.0.2/lib/llvm/lib]
  implicit fwks: []


